2022-07-25 15:08:21,913 [main] WARN  o.s.b.c.ConfigurationWarningsApplicationContextInitializer.warn(104)- 

** WARNING ** : Your ApplicationContext is unlikely to start due to a @ComponentScan of the default package.


2022-07-25 15:08:31,689 [main] WARN  o.s.b.w.s.c.AnnotationConfigServletWebServerApplicationContext.refresh(559)- Exception encountered during context initialization - cancelling refresh attempt: org.springframework.beans.factory.BeanDefinitionStoreException: Failed to read candidate component class: URL [jar:file:/Users/liuxn/work/maven/repository/org/springframework/boot/spring-boot-autoconfigure/2.2.9.RELEASE/spring-boot-autoconfigure-2.2.9.RELEASE.jar!/org/springframework/boot/autoconfigure/jdbc/DataSourceAutoConfiguration$EmbeddedDatabaseConfiguration.class]; nested exception is java.lang.IllegalStateException: Could not evaluate condition on org.springframework.boot.autoconfigure.jdbc.DataSourceAutoConfiguration$EmbeddedDatabaseConfiguration due to org/springframework/jdbc/datasource/embedded/EmbeddedDatabaseType not found. Make sure your own configuration does not rely on that class. This can also happen if you are @ComponentScanning a springframework package (e.g. if you put a @ComponentScan in the default package by mistake)
2022-07-25 15:08:31,700 [main] ERROR o.s.boot.SpringApplication.reportFailure(826)- Application run failed
org.springframework.beans.factory.BeanDefinitionStoreException: Failed to read candidate component class: URL [jar:file:/Users/liuxn/work/maven/repository/org/springframework/boot/spring-boot-autoconfigure/2.2.9.RELEASE/spring-boot-autoconfigure-2.2.9.RELEASE.jar!/org/springframework/boot/autoconfigure/jdbc/DataSourceAutoConfiguration$EmbeddedDatabaseConfiguration.class]; nested exception is java.lang.IllegalStateException: Could not evaluate condition on org.springframework.boot.autoconfigure.jdbc.DataSourceAutoConfiguration$EmbeddedDatabaseConfiguration due to org/springframework/jdbc/datasource/embedded/EmbeddedDatabaseType not found. Make sure your own configuration does not rely on that class. This can also happen if you are @ComponentScanning a springframework package (e.g. if you put a @ComponentScan in the default package by mistake)
	at org.springframework.context.annotation.ClassPathScanningCandidateComponentProvider.scanCandidateComponents(ClassPathScanningCandidateComponentProvider.java:452)
	at org.springframework.context.annotation.ClassPathScanningCandidateComponentProvider.findCandidateComponents(ClassPathScanningCandidateComponentProvider.java:315)
	at org.springframework.context.annotation.ClassPathBeanDefinitionScanner.doScan(ClassPathBeanDefinitionScanner.java:276)
	at org.springframework.context.annotation.ComponentScanAnnotationParser.parse(ComponentScanAnnotationParser.java:132)
	at org.springframework.context.annotation.ConfigurationClassParser.doProcessConfigurationClass(ConfigurationClassParser.java:295)
	at org.springframework.context.annotation.ConfigurationClassParser.processConfigurationClass(ConfigurationClassParser.java:249)
	at org.springframework.context.annotation.ConfigurationClassParser.parse(ConfigurationClassParser.java:206)
	at org.springframework.context.annotation.ConfigurationClassParser.parse(ConfigurationClassParser.java:174)
	at org.springframework.context.annotation.ConfigurationClassPostProcessor.processConfigBeanDefinitions(ConfigurationClassPostProcessor.java:319)
	at org.springframework.context.annotation.ConfigurationClassPostProcessor.postProcessBeanDefinitionRegistry(ConfigurationClassPostProcessor.java:236)
	at org.springframework.context.support.PostProcessorRegistrationDelegate.invokeBeanDefinitionRegistryPostProcessors(PostProcessorRegistrationDelegate.java:280)
	at org.springframework.context.support.PostProcessorRegistrationDelegate.invokeBeanFactoryPostProcessors(PostProcessorRegistrationDelegate.java:96)
	at org.springframework.context.support.AbstractApplicationContext.invokeBeanFactoryPostProcessors(AbstractApplicationContext.java:707)
	at org.springframework.context.support.AbstractApplicationContext.refresh(AbstractApplicationContext.java:533)
	at org.springframework.boot.web.servlet.context.ServletWebServerApplicationContext.refresh(ServletWebServerApplicationContext.java:141)
	at org.springframework.boot.SpringApplication.refresh(SpringApplication.java:747)
	at org.springframework.boot.SpringApplication.refreshContext(SpringApplication.java:397)
	at org.springframework.boot.SpringApplication.run(SpringApplication.java:315)
	at org.springframework.boot.SpringApplication.run(SpringApplication.java:1226)
	at org.springframework.boot.SpringApplication.run(SpringApplication.java:1215)
	at EurekaApplication.main(EurekaApplication.java:14)
Caused by: java.lang.IllegalStateException: Could not evaluate condition on org.springframework.boot.autoconfigure.jdbc.DataSourceAutoConfiguration$EmbeddedDatabaseConfiguration due to org/springframework/jdbc/datasource/embedded/EmbeddedDatabaseType not found. Make sure your own configuration does not rely on that class. This can also happen if you are @ComponentScanning a springframework package (e.g. if you put a @ComponentScan in the default package by mistake)
	at org.springframework.boot.autoconfigure.condition.SpringBootCondition.matches(SpringBootCondition.java:54)
	at org.springframework.context.annotation.ConditionEvaluator.shouldSkip(ConditionEvaluator.java:108)
	at org.springframework.context.annotation.ConditionEvaluator.shouldSkip(ConditionEvaluator.java:88)
	at org.springframework.context.annotation.ConditionEvaluator.shouldSkip(ConditionEvaluator.java:71)
	at org.springframework.context.annotation.ClassPathScanningCandidateComponentProvider.isConditionMatch(ClassPathScanningCandidateComponentProvider.java:513)
	at org.springframework.context.annotation.ClassPathScanningCandidateComponentProvider.isCandidateComponent(ClassPathScanningCandidateComponentProvider.java:496)
	at org.springframework.context.annotation.ClassPathScanningCandidateComponentProvider.scanCandidateComponents(ClassPathScanningCandidateComponentProvider.java:430)
	... 20 common frames omitted
Caused by: java.lang.NoClassDefFoundError: org/springframework/jdbc/datasource/embedded/EmbeddedDatabaseType
	at org.springframework.boot.jdbc.EmbeddedDatabaseConnection.<clinit>(EmbeddedDatabaseConnection.java:51)
	at org.springframework.boot.autoconfigure.jdbc.DataSourceAutoConfiguration$EmbeddedDatabaseCondition.getMatchOutcome(DataSourceAutoConfiguration.java:135)
	at org.springframework.boot.autoconfigure.condition.SpringBootCondition.matches(SpringBootCondition.java:47)
	... 26 common frames omitted
Caused by: java.lang.ClassNotFoundException: org.springframework.jdbc.datasource.embedded.EmbeddedDatabaseType
	at java.net.URLClassLoader.findClass(URLClassLoader.java:382)
	at java.lang.ClassLoader.loadClass(ClassLoader.java:424)
	at sun.misc.Launcher$AppClassLoader.loadClass(Launcher.java:349)
	at java.lang.ClassLoader.loadClass(ClassLoader.java:357)
	... 29 common frames omitted
2022-07-25 15:15:08,963 [main] WARN  o.s.b.c.ConfigurationWarningsApplicationContextInitializer.warn(104)- 

** WARNING ** : Your ApplicationContext is unlikely to start due to a @ComponentScan of the default package.


2022-07-25 15:15:19,099 [main] WARN  o.s.b.w.s.c.AnnotationConfigServletWebServerApplicationContext.refresh(559)- Exception encountered during context initialization - cancelling refresh attempt: org.springframework.beans.factory.BeanDefinitionStoreException: Failed to read candidate component class: URL [jar:file:/Users/liuxn/work/maven/repository/org/springframework/boot/spring-boot-autoconfigure/2.2.9.RELEASE/spring-boot-autoconfigure-2.2.9.RELEASE.jar!/org/springframework/boot/autoconfigure/jdbc/DataSourceAutoConfiguration$EmbeddedDatabaseConfiguration.class]; nested exception is java.lang.IllegalStateException: Could not evaluate condition on org.springframework.boot.autoconfigure.jdbc.DataSourceAutoConfiguration$EmbeddedDatabaseConfiguration due to org/springframework/jdbc/datasource/embedded/EmbeddedDatabaseType not found. Make sure your own configuration does not rely on that class. This can also happen if you are @ComponentScanning a springframework package (e.g. if you put a @ComponentScan in the default package by mistake)
2022-07-25 15:15:19,114 [main] ERROR o.s.boot.SpringApplication.reportFailure(826)- Application run failed
org.springframework.beans.factory.BeanDefinitionStoreException: Failed to read candidate component class: URL [jar:file:/Users/liuxn/work/maven/repository/org/springframework/boot/spring-boot-autoconfigure/2.2.9.RELEASE/spring-boot-autoconfigure-2.2.9.RELEASE.jar!/org/springframework/boot/autoconfigure/jdbc/DataSourceAutoConfiguration$EmbeddedDatabaseConfiguration.class]; nested exception is java.lang.IllegalStateException: Could not evaluate condition on org.springframework.boot.autoconfigure.jdbc.DataSourceAutoConfiguration$EmbeddedDatabaseConfiguration due to org/springframework/jdbc/datasource/embedded/EmbeddedDatabaseType not found. Make sure your own configuration does not rely on that class. This can also happen if you are @ComponentScanning a springframework package (e.g. if you put a @ComponentScan in the default package by mistake)
	at org.springframework.context.annotation.ClassPathScanningCandidateComponentProvider.scanCandidateComponents(ClassPathScanningCandidateComponentProvider.java:452)
	at org.springframework.context.annotation.ClassPathScanningCandidateComponentProvider.findCandidateComponents(ClassPathScanningCandidateComponentProvider.java:315)
	at org.springframework.context.annotation.ClassPathBeanDefinitionScanner.doScan(ClassPathBeanDefinitionScanner.java:276)
	at org.springframework.context.annotation.ComponentScanAnnotationParser.parse(ComponentScanAnnotationParser.java:132)
	at org.springframework.context.annotation.ConfigurationClassParser.doProcessConfigurationClass(ConfigurationClassParser.java:295)
	at org.springframework.context.annotation.ConfigurationClassParser.processConfigurationClass(ConfigurationClassParser.java:249)
	at org.springframework.context.annotation.ConfigurationClassParser.parse(ConfigurationClassParser.java:206)
	at org.springframework.context.annotation.ConfigurationClassParser.parse(ConfigurationClassParser.java:174)
	at org.springframework.context.annotation.ConfigurationClassPostProcessor.processConfigBeanDefinitions(ConfigurationClassPostProcessor.java:319)
	at org.springframework.context.annotation.ConfigurationClassPostProcessor.postProcessBeanDefinitionRegistry(ConfigurationClassPostProcessor.java:236)
	at org.springframework.context.support.PostProcessorRegistrationDelegate.invokeBeanDefinitionRegistryPostProcessors(PostProcessorRegistrationDelegate.java:280)
	at org.springframework.context.support.PostProcessorRegistrationDelegate.invokeBeanFactoryPostProcessors(PostProcessorRegistrationDelegate.java:96)
	at org.springframework.context.support.AbstractApplicationContext.invokeBeanFactoryPostProcessors(AbstractApplicationContext.java:707)
	at org.springframework.context.support.AbstractApplicationContext.refresh(AbstractApplicationContext.java:533)
	at org.springframework.boot.web.servlet.context.ServletWebServerApplicationContext.refresh(ServletWebServerApplicationContext.java:141)
	at org.springframework.boot.SpringApplication.refresh(SpringApplication.java:747)
	at org.springframework.boot.SpringApplication.refreshContext(SpringApplication.java:397)
	at org.springframework.boot.SpringApplication.run(SpringApplication.java:315)
	at org.springframework.boot.SpringApplication.run(SpringApplication.java:1226)
	at org.springframework.boot.SpringApplication.run(SpringApplication.java:1215)
	at EurekaApplication.main(EurekaApplication.java:19)
Caused by: java.lang.IllegalStateException: Could not evaluate condition on org.springframework.boot.autoconfigure.jdbc.DataSourceAutoConfiguration$EmbeddedDatabaseConfiguration due to org/springframework/jdbc/datasource/embedded/EmbeddedDatabaseType not found. Make sure your own configuration does not rely on that class. This can also happen if you are @ComponentScanning a springframework package (e.g. if you put a @ComponentScan in the default package by mistake)
	at org.springframework.boot.autoconfigure.condition.SpringBootCondition.matches(SpringBootCondition.java:54)
	at org.springframework.context.annotation.ConditionEvaluator.shouldSkip(ConditionEvaluator.java:108)
	at org.springframework.context.annotation.ConditionEvaluator.shouldSkip(ConditionEvaluator.java:88)
	at org.springframework.context.annotation.ConditionEvaluator.shouldSkip(ConditionEvaluator.java:71)
	at org.springframework.context.annotation.ClassPathScanningCandidateComponentProvider.isConditionMatch(ClassPathScanningCandidateComponentProvider.java:513)
	at org.springframework.context.annotation.ClassPathScanningCandidateComponentProvider.isCandidateComponent(ClassPathScanningCandidateComponentProvider.java:496)
	at org.springframework.context.annotation.ClassPathScanningCandidateComponentProvider.scanCandidateComponents(ClassPathScanningCandidateComponentProvider.java:430)
	... 20 common frames omitted
Caused by: java.lang.NoClassDefFoundError: org/springframework/jdbc/datasource/embedded/EmbeddedDatabaseType
	at org.springframework.boot.jdbc.EmbeddedDatabaseConnection.<clinit>(EmbeddedDatabaseConnection.java:51)
	at org.springframework.boot.autoconfigure.jdbc.DataSourceAutoConfiguration$EmbeddedDatabaseCondition.getMatchOutcome(DataSourceAutoConfiguration.java:135)
	at org.springframework.boot.autoconfigure.condition.SpringBootCondition.matches(SpringBootCondition.java:47)
	... 26 common frames omitted
Caused by: java.lang.ClassNotFoundException: org.springframework.jdbc.datasource.embedded.EmbeddedDatabaseType
	at java.net.URLClassLoader.findClass(URLClassLoader.java:382)
	at java.lang.ClassLoader.loadClass(ClassLoader.java:424)
	at sun.misc.Launcher$AppClassLoader.loadClass(Launcher.java:349)
	at java.lang.ClassLoader.loadClass(ClassLoader.java:357)
	... 29 common frames omitted
2022-07-25 15:15:50,273 [main] WARN  o.s.b.c.ConfigurationWarningsApplicationContextInitializer.warn(104)- 

** WARNING ** : Your ApplicationContext is unlikely to start due to a @ComponentScan of the default package.


2022-07-25 15:15:53,877 [main] WARN  o.s.b.w.s.c.AnnotationConfigServletWebServerApplicationContext.refresh(559)- Exception encountered during context initialization - cancelling refresh attempt: org.springframework.beans.factory.BeanDefinitionStoreException: Failed to read candidate component class: URL [jar:file:/Users/liuxn/work/maven/repository/org/springframework/boot/spring-boot-autoconfigure/2.2.9.RELEASE/spring-boot-autoconfigure-2.2.9.RELEASE.jar!/org/springframework/boot/autoconfigure/jdbc/DataSourceAutoConfiguration$EmbeddedDatabaseConfiguration.class]; nested exception is java.lang.IllegalStateException: Could not evaluate condition on org.springframework.boot.autoconfigure.jdbc.DataSourceAutoConfiguration$EmbeddedDatabaseConfiguration due to org/springframework/jdbc/datasource/embedded/EmbeddedDatabaseType not found. Make sure your own configuration does not rely on that class. This can also happen if you are @ComponentScanning a springframework package (e.g. if you put a @ComponentScan in the default package by mistake)
2022-07-25 15:15:53,888 [main] ERROR o.s.boot.SpringApplication.reportFailure(826)- Application run failed
org.springframework.beans.factory.BeanDefinitionStoreException: Failed to read candidate component class: URL [jar:file:/Users/liuxn/work/maven/repository/org/springframework/boot/spring-boot-autoconfigure/2.2.9.RELEASE/spring-boot-autoconfigure-2.2.9.RELEASE.jar!/org/springframework/boot/autoconfigure/jdbc/DataSourceAutoConfiguration$EmbeddedDatabaseConfiguration.class]; nested exception is java.lang.IllegalStateException: Could not evaluate condition on org.springframework.boot.autoconfigure.jdbc.DataSourceAutoConfiguration$EmbeddedDatabaseConfiguration due to org/springframework/jdbc/datasource/embedded/EmbeddedDatabaseType not found. Make sure your own configuration does not rely on that class. This can also happen if you are @ComponentScanning a springframework package (e.g. if you put a @ComponentScan in the default package by mistake)
	at org.springframework.context.annotation.ClassPathScanningCandidateComponentProvider.scanCandidateComponents(ClassPathScanningCandidateComponentProvider.java:452)
	at org.springframework.context.annotation.ClassPathScanningCandidateComponentProvider.findCandidateComponents(ClassPathScanningCandidateComponentProvider.java:315)
	at org.springframework.context.annotation.ClassPathBeanDefinitionScanner.doScan(ClassPathBeanDefinitionScanner.java:276)
	at org.springframework.context.annotation.ComponentScanAnnotationParser.parse(ComponentScanAnnotationParser.java:132)
	at org.springframework.context.annotation.ConfigurationClassParser.doProcessConfigurationClass(ConfigurationClassParser.java:295)
	at org.springframework.context.annotation.ConfigurationClassParser.processConfigurationClass(ConfigurationClassParser.java:249)
	at org.springframework.context.annotation.ConfigurationClassParser.parse(ConfigurationClassParser.java:206)
	at org.springframework.context.annotation.ConfigurationClassParser.parse(ConfigurationClassParser.java:174)
	at org.springframework.context.annotation.ConfigurationClassPostProcessor.processConfigBeanDefinitions(ConfigurationClassPostProcessor.java:319)
	at org.springframework.context.annotation.ConfigurationClassPostProcessor.postProcessBeanDefinitionRegistry(ConfigurationClassPostProcessor.java:236)
	at org.springframework.context.support.PostProcessorRegistrationDelegate.invokeBeanDefinitionRegistryPostProcessors(PostProcessorRegistrationDelegate.java:280)
	at org.springframework.context.support.PostProcessorRegistrationDelegate.invokeBeanFactoryPostProcessors(PostProcessorRegistrationDelegate.java:96)
	at org.springframework.context.support.AbstractApplicationContext.invokeBeanFactoryPostProcessors(AbstractApplicationContext.java:707)
	at org.springframework.context.support.AbstractApplicationContext.refresh(AbstractApplicationContext.java:533)
	at org.springframework.boot.web.servlet.context.ServletWebServerApplicationContext.refresh(ServletWebServerApplicationContext.java:141)
	at org.springframework.boot.SpringApplication.refresh(SpringApplication.java:747)
	at org.springframework.boot.SpringApplication.refreshContext(SpringApplication.java:397)
	at org.springframework.boot.SpringApplication.run(SpringApplication.java:315)
	at org.springframework.boot.SpringApplication.run(SpringApplication.java:1226)
	at org.springframework.boot.SpringApplication.run(SpringApplication.java:1215)
	at EurekaApplication.main(EurekaApplication.java:19)
Caused by: java.lang.IllegalStateException: Could not evaluate condition on org.springframework.boot.autoconfigure.jdbc.DataSourceAutoConfiguration$EmbeddedDatabaseConfiguration due to org/springframework/jdbc/datasource/embedded/EmbeddedDatabaseType not found. Make sure your own configuration does not rely on that class. This can also happen if you are @ComponentScanning a springframework package (e.g. if you put a @ComponentScan in the default package by mistake)
	at org.springframework.boot.autoconfigure.condition.SpringBootCondition.matches(SpringBootCondition.java:54)
	at org.springframework.context.annotation.ConditionEvaluator.shouldSkip(ConditionEvaluator.java:108)
	at org.springframework.context.annotation.ConditionEvaluator.shouldSkip(ConditionEvaluator.java:88)
	at org.springframework.context.annotation.ConditionEvaluator.shouldSkip(ConditionEvaluator.java:71)
	at org.springframework.context.annotation.ClassPathScanningCandidateComponentProvider.isConditionMatch(ClassPathScanningCandidateComponentProvider.java:513)
	at org.springframework.context.annotation.ClassPathScanningCandidateComponentProvider.isCandidateComponent(ClassPathScanningCandidateComponentProvider.java:496)
	at org.springframework.context.annotation.ClassPathScanningCandidateComponentProvider.scanCandidateComponents(ClassPathScanningCandidateComponentProvider.java:430)
	... 20 common frames omitted
Caused by: java.lang.NoClassDefFoundError: org/springframework/jdbc/datasource/embedded/EmbeddedDatabaseType
	at org.springframework.boot.jdbc.EmbeddedDatabaseConnection.<clinit>(EmbeddedDatabaseConnection.java:51)
	at org.springframework.boot.autoconfigure.jdbc.DataSourceAutoConfiguration$EmbeddedDatabaseCondition.getMatchOutcome(DataSourceAutoConfiguration.java:135)
	at org.springframework.boot.autoconfigure.condition.SpringBootCondition.matches(SpringBootCondition.java:47)
	... 26 common frames omitted
Caused by: java.lang.ClassNotFoundException: org.springframework.jdbc.datasource.embedded.EmbeddedDatabaseType
	at java.net.URLClassLoader.findClass(URLClassLoader.java:382)
	at java.lang.ClassLoader.loadClass(ClassLoader.java:424)
	at sun.misc.Launcher$AppClassLoader.loadClass(Launcher.java:349)
	at java.lang.ClassLoader.loadClass(ClassLoader.java:357)
	... 29 common frames omitted
2022-07-25 15:36:25,461 [main] WARN  o.s.b.actuate.endpoint.EndpointId.logWarning(155)- Endpoint ID 'service-registry' contains invalid characters, please migrate to a valid format.
2022-07-25 15:36:27,432 [main] WARN  o.s.c.l.c.LoadBalancerCacheAutoConfiguration$LoadBalancerCaffeineWarnLogger.logWarning(84)- Spring Cloud LoadBalancer is currently working with the default cache. You can switch to using Caffeine cache, by adding it to the classpath.
2022-07-25 15:36:27,510 [main] WARN  c.n.eureka.cluster.PeerEurekaNodes.updatePeerEurekaNodes(155)- The replica size seems to be empty. Check the route 53 DNS Registry
2022-07-25 15:36:27,622 [Thread-17] WARN  c.n.c.s.URLConfigurationSource.<init>(121)- No URLs will be polled as dynamic configuration sources.
2022-07-25 15:46:27,522 [Eureka-PeerNodesUpdater] WARN  c.n.eureka.cluster.PeerEurekaNodes.updatePeerEurekaNodes(155)- The replica size seems to be empty. Check the route 53 DNS Registry
2022-07-25 15:56:27,532 [Eureka-PeerNodesUpdater] WARN  c.n.eureka.cluster.PeerEurekaNodes.updatePeerEurekaNodes(155)- The replica size seems to be empty. Check the route 53 DNS Registry
2022-07-25 16:06:27,552 [Eureka-PeerNodesUpdater] WARN  c.n.eureka.cluster.PeerEurekaNodes.updatePeerEurekaNodes(155)- The replica size seems to be empty. Check the route 53 DNS Registry
2022-07-25 16:16:27,572 [Eureka-PeerNodesUpdater] WARN  c.n.eureka.cluster.PeerEurekaNodes.updatePeerEurekaNodes(155)- The replica size seems to be empty. Check the route 53 DNS Registry
2022-07-25 16:26:27,549 [Eureka-PeerNodesUpdater] WARN  c.n.eureka.cluster.PeerEurekaNodes.updatePeerEurekaNodes(155)- The replica size seems to be empty. Check the route 53 DNS Registry
2022-07-25 16:36:27,565 [Eureka-PeerNodesUpdater] WARN  c.n.eureka.cluster.PeerEurekaNodes.updatePeerEurekaNodes(155)- The replica size seems to be empty. Check the route 53 DNS Registry
2022-07-25 16:46:27,592 [Eureka-PeerNodesUpdater] WARN  c.n.eureka.cluster.PeerEurekaNodes.updatePeerEurekaNodes(155)- The replica size seems to be empty. Check the route 53 DNS Registry
2022-07-25 16:56:27,610 [Eureka-PeerNodesUpdater] WARN  c.n.eureka.cluster.PeerEurekaNodes.updatePeerEurekaNodes(155)- The replica size seems to be empty. Check the route 53 DNS Registry
2022-07-25 17:00:31,761 [main] WARN  o.s.b.actuate.endpoint.EndpointId.logWarning(155)- Endpoint ID 'service-registry' contains invalid characters, please migrate to a valid format.
2022-07-25 17:00:33,438 [main] WARN  o.s.c.l.c.LoadBalancerCacheAutoConfiguration$LoadBalancerCaffeineWarnLogger.logWarning(84)- Spring Cloud LoadBalancer is currently working with the default cache. You can switch to using Caffeine cache, by adding it to the classpath.
2022-07-25 17:00:33,523 [main] WARN  c.n.eureka.cluster.PeerEurekaNodes.updatePeerEurekaNodes(155)- The replica size seems to be empty. Check the route 53 DNS Registry
2022-07-25 17:00:33,603 [Thread-16] WARN  c.n.c.s.URLConfigurationSource.<init>(121)- No URLs will be polled as dynamic configuration sources.
